{"C:\\Users\\MARCOALEXANDERASEICH\\Documents\\NodeJS\\Test_typescript\\dist\\index.js": {"path":"C:\\Users\\MARCOALEXANDERASEICH\\Documents\\NodeJS\\Test_typescript\\dist\\index.js","statementMap":{"0":{"start":{"line":2,"column":0},"end":{"line":2,"column":62}},"1":{"start":{"line":3,"column":0},"end":{"line":3,"column":42}},"2":{"start":{"line":4,"column":12},"end":{"line":4,"column":16}},"3":{"start":{"line":5,"column":15},"end":{"line":5,"column":56}},"4":{"start":{"line":5,"column":21},"end":{"line":5,"column":56}},"5":{"start":{"line":6,"column":0},"end":{"line":6,"column":24}},"6":{"start":{"line":7,"column":0},"end":{"line":7,"column":42}},"7":{"start":{"line":10,"column":8},"end":{"line":10,"column":39}},"8":{"start":{"line":11,"column":8},"end":{"line":11,"column":27}},"9":{"start":{"line":12,"column":8},"end":{"line":12,"column":37}},"10":{"start":{"line":13,"column":8},"end":{"line":13,"column":35}},"11":{"start":{"line":14,"column":8},"end":{"line":14,"column":27}},"12":{"start":{"line":15,"column":8},"end":{"line":15,"column":33}},"13":{"start":{"line":16,"column":8},"end":{"line":16,"column":31}},"14":{"start":{"line":20,"column":22},"end":{"line":20,"column":26}},"15":{"start":{"line":21,"column":8},"end":{"line":29,"column":9}},"16":{"start":{"line":22,"column":12},"end":{"line":28,"column":13}},"17":{"start":{"line":22,"column":25},"end":{"line":22,"column":26}},"18":{"start":{"line":23,"column":16},"end":{"line":27,"column":17}},"19":{"start":{"line":24,"column":20},"end":{"line":24,"column":68}},"20":{"start":{"line":25,"column":20},"end":{"line":25,"column":106}},"21":{"start":{"line":26,"column":20},"end":{"line":26,"column":36}},"22":{"start":{"line":30,"column":8},"end":{"line":33,"column":9}},"23":{"start":{"line":31,"column":12},"end":{"line":31,"column":71}},"24":{"start":{"line":32,"column":12},"end":{"line":32,"column":89}},"25":{"start":{"line":34,"column":8},"end":{"line":34,"column":94}},"26":{"start":{"line":37,"column":22},"end":{"line":37,"column":23}},"27":{"start":{"line":38,"column":8},"end":{"line":38,"column":88}},"28":{"start":{"line":39,"column":8},"end":{"line":39,"column":99}},"29":{"start":{"line":40,"column":8},"end":{"line":40,"column":50}},"30":{"start":{"line":41,"column":8},"end":{"line":41,"column":25}},"31":{"start":{"line":42,"column":8},"end":{"line":42,"column":88}},"32":{"start":{"line":43,"column":8},"end":{"line":47,"column":11}},"33":{"start":{"line":44,"column":12},"end":{"line":44,"column":45}},"34":{"start":{"line":45,"column":12},"end":{"line":45,"column":49}},"35":{"start":{"line":46,"column":12},"end":{"line":46,"column":152}},"36":{"start":{"line":48,"column":8},"end":{"line":48,"column":81}},"37":{"start":{"line":49,"column":8},"end":{"line":49,"column":83}},"38":{"start":{"line":50,"column":8},"end":{"line":50,"column":90}},"39":{"start":{"line":51,"column":8},"end":{"line":51,"column":88}},"40":{"start":{"line":52,"column":8},"end":{"line":52,"column":111}},"41":{"start":{"line":53,"column":8},"end":{"line":53,"column":92}},"42":{"start":{"line":54,"column":8},"end":{"line":54,"column":95}},"43":{"start":{"line":55,"column":8},"end":{"line":55,"column":25}},"44":{"start":{"line":56,"column":8},"end":{"line":56,"column":65}},"45":{"start":{"line":57,"column":8},"end":{"line":57,"column":62}},"46":{"start":{"line":60,"column":0},"end":{"line":60,"column":26}},"47":{"start":{"line":61,"column":10},"end":{"line":61,"column":66}},"48":{"start":{"line":62,"column":11},"end":{"line":68,"column":1}},"49":{"start":{"line":69,"column":11},"end":{"line":75,"column":1}},"50":{"start":{"line":76,"column":11},"end":{"line":82,"column":1}},"51":{"start":{"line":83,"column":11},"end":{"line":89,"column":1}},"52":{"start":{"line":90,"column":0},"end":{"line":90,"column":25}},"53":{"start":{"line":91,"column":0},"end":{"line":91,"column":25}},"54":{"start":{"line":92,"column":0},"end":{"line":92,"column":25}},"55":{"start":{"line":93,"column":0},"end":{"line":93,"column":25}},"56":{"start":{"line":94,"column":0},"end":{"line":94,"column":21}}},"fnMap":{"0":{"name":"(anonymous_0)","decl":{"start":{"line":5,"column":15},"end":{"line":5,"column":16}},"loc":{"start":{"line":5,"column":21},"end":{"line":5,"column":56}},"line":5},"1":{"name":"(anonymous_1)","decl":{"start":{"line":9,"column":4},"end":{"line":9,"column":5}},"loc":{"start":{"line":9,"column":120},"end":{"line":17,"column":5}},"line":9},"2":{"name":"(anonymous_2)","decl":{"start":{"line":18,"column":4},"end":{"line":18,"column":5}},"loc":{"start":{"line":18,"column":31},"end":{"line":35,"column":5}},"line":18},"3":{"name":"(anonymous_3)","decl":{"start":{"line":36,"column":4},"end":{"line":36,"column":5}},"loc":{"start":{"line":36,"column":21},"end":{"line":58,"column":5}},"line":36},"4":{"name":"(anonymous_4)","decl":{"start":{"line":43,"column":31},"end":{"line":43,"column":32}},"loc":{"start":{"line":43,"column":42},"end":{"line":47,"column":9}},"line":43}},"branchMap":{"0":{"loc":{"start":{"line":9,"column":36},"end":{"line":9,"column":64}},"type":"default-arg","locations":[{"start":{"line":9,"column":49},"end":{"line":9,"column":64}}],"line":9},"1":{"loc":{"start":{"line":9,"column":66},"end":{"line":9,"column":80}},"type":"default-arg","locations":[{"start":{"line":9,"column":78},"end":{"line":9,"column":80}}],"line":9},"2":{"loc":{"start":{"line":9,"column":82},"end":{"line":9,"column":91}},"type":"default-arg","locations":[{"start":{"line":9,"column":90},"end":{"line":9,"column":91}}],"line":9},"3":{"loc":{"start":{"line":9,"column":93},"end":{"line":9,"column":105}},"type":"default-arg","locations":[{"start":{"line":9,"column":104},"end":{"line":9,"column":105}}],"line":9},"4":{"loc":{"start":{"line":9,"column":107},"end":{"line":9,"column":118}},"type":"default-arg","locations":[{"start":{"line":9,"column":117},"end":{"line":9,"column":118}}],"line":9},"5":{"loc":{"start":{"line":21,"column":8},"end":{"line":29,"column":9}},"type":"if","locations":[{"start":{"line":21,"column":8},"end":{"line":29,"column":9}},{"start":{},"end":{}}],"line":21},"6":{"loc":{"start":{"line":23,"column":16},"end":{"line":27,"column":17}},"type":"if","locations":[{"start":{"line":23,"column":16},"end":{"line":27,"column":17}},{"start":{},"end":{}}],"line":23},"7":{"loc":{"start":{"line":30,"column":8},"end":{"line":33,"column":9}},"type":"if","locations":[{"start":{"line":30,"column":8},"end":{"line":33,"column":9}},{"start":{},"end":{}}],"line":30},"8":{"loc":{"start":{"line":32,"column":12},"end":{"line":32,"column":88}},"type":"cond-expr","locations":[{"start":{"line":32,"column":62},"end":{"line":32,"column":68}},{"start":{"line":32,"column":71},"end":{"line":32,"column":88}}],"line":32},"9":{"loc":{"start":{"line":32,"column":12},"end":{"line":32,"column":59}},"type":"binary-expr","locations":[{"start":{"line":32,"column":12},"end":{"line":32,"column":42}},{"start":{"line":32,"column":46},"end":{"line":32,"column":59}}],"line":32}},"s":{"0":1,"1":1,"2":1,"3":1,"4":11,"5":1,"6":1,"7":4,"8":4,"9":4,"10":4,"11":4,"12":4,"13":4,"14":11,"15":11,"16":7,"17":7,"18":11,"19":3,"20":3,"21":3,"22":11,"23":8,"24":8,"25":11,"26":2,"27":2,"28":2,"29":2,"30":2,"31":2,"32":2,"33":5,"34":5,"35":5,"36":2,"37":2,"38":2,"39":2,"40":2,"41":2,"42":2,"43":2,"44":2,"45":2,"46":1,"47":1,"48":1,"49":1,"50":1,"51":1,"52":1,"53":1,"54":1,"55":1,"56":1},"f":{"0":11,"1":4,"2":11,"3":2,"4":5},"b":{"0":[2],"1":[4],"2":[4],"3":[4],"4":[4],"5":[7,4],"6":[3,8],"7":[8,3],"8":[0,8],"9":[8,8]},"inputSourceMap":null,"_coverageSchema":"1a1c01bbd47fc00a2c39e90264f33305004495a9","hash":"a78f493881152a73b0b9dc67cb35ae274b18e8df"}
,"C:\\Users\\MARCOALEXANDERASEICH\\Documents\\NodeJS\\Test_typescript\\src\\index.ts": {"path":"C:\\Users\\MARCOALEXANDERASEICH\\Documents\\NodeJS\\Test_typescript\\src\\index.ts","statementMap":{"0":{"start":{"line":1,"column":12},"end":{"line":1,"column":16}},"1":{"start":{"line":2,"column":22},"end":{"line":2,"column":71}},"2":{"start":{"line":2,"column":36},"end":{"line":2,"column":71}},"3":{"start":{"line":2,"column":13},"end":{"line":2,"column":22}},"4":{"start":{"line":16,"column":23},"end":{"line":16,"column":41}},"5":{"start":{"line":17,"column":15},"end":{"line":17,"column":27}},"6":{"start":{"line":18,"column":15},"end":{"line":18,"column":33}},"7":{"start":{"line":19,"column":15},"end":{"line":19,"column":44}},"8":{"start":{"line":20,"column":15},"end":{"line":20,"column":30}},"9":{"start":{"line":21,"column":15},"end":{"line":21,"column":33}},"10":{"start":{"line":22,"column":15},"end":{"line":22,"column":32}},"11":{"start":{"line":25,"column":30},"end":{"line":25,"column":34}},"12":{"start":{"line":26,"column":8},"end":{"line":34,"column":null}},"13":{"start":{"line":27,"column":12},"end":{"line":33,"column":null}},"14":{"start":{"line":27,"column":25},"end":{"line":27,"column":26}},"15":{"start":{"line":28,"column":16},"end":{"line":32,"column":null}},"16":{"start":{"line":29,"column":20},"end":{"line":29,"column":67}},"17":{"start":{"line":30,"column":20},"end":{"line":30,"column":106}},"18":{"start":{"line":31,"column":20},"end":{"line":31,"column":36}},"19":{"start":{"line":35,"column":8},"end":{"line":38,"column":null}},"20":{"start":{"line":36,"column":12},"end":{"line":36,"column":71}},"21":{"start":{"line":37,"column":12},"end":{"line":37,"column":43}},"22":{"start":{"line":39,"column":8},"end":{"line":39,"column":94}},"23":{"start":{"line":43,"column":22},"end":{"line":43,"column":23}},"24":{"start":{"line":44,"column":8},"end":{"line":44,"column":88}},"25":{"start":{"line":45,"column":8},"end":{"line":45,"column":99}},"26":{"start":{"line":46,"column":8},"end":{"line":46,"column":50}},"27":{"start":{"line":47,"column":8},"end":{"line":47,"column":25}},"28":{"start":{"line":48,"column":8},"end":{"line":48,"column":88}},"29":{"start":{"line":49,"column":8},"end":{"line":53,"column":11}},"30":{"start":{"line":50,"column":12},"end":{"line":50,"column":43}},"31":{"start":{"line":51,"column":12},"end":{"line":51,"column":49}},"32":{"start":{"line":52,"column":12},"end":{"line":52,"column":152}},"33":{"start":{"line":54,"column":8},"end":{"line":54,"column":81}},"34":{"start":{"line":55,"column":8},"end":{"line":55,"column":81}},"35":{"start":{"line":56,"column":8},"end":{"line":56,"column":90}},"36":{"start":{"line":57,"column":8},"end":{"line":57,"column":88}},"37":{"start":{"line":58,"column":8},"end":{"line":58,"column":111}},"38":{"start":{"line":59,"column":8},"end":{"line":59,"column":92}},"39":{"start":{"line":60,"column":8},"end":{"line":60,"column":95}},"40":{"start":{"line":61,"column":8},"end":{"line":61,"column":25}},"41":{"start":{"line":62,"column":8},"end":{"line":62,"column":65}},"42":{"start":{"line":63,"column":8},"end":{"line":63,"column":62}},"43":{"start":{"line":15,"column":0},"end":{"line":15,"column":13}},"44":{"start":{"line":68,"column":10},"end":{"line":68,"column":64}},"45":{"start":{"line":69,"column":27},"end":{"line":75,"column":null}},"46":{"start":{"line":76,"column":27},"end":{"line":82,"column":null}},"47":{"start":{"line":83,"column":27},"end":{"line":89,"column":null}},"48":{"start":{"line":90,"column":27},"end":{"line":96,"column":null}},"49":{"start":{"line":97,"column":0},"end":{"line":97,"column":25}},"50":{"start":{"line":98,"column":0},"end":{"line":98,"column":25}},"51":{"start":{"line":99,"column":0},"end":{"line":99,"column":25}},"52":{"start":{"line":100,"column":0},"end":{"line":100,"column":25}},"53":{"start":{"line":101,"column":0},"end":{"line":101,"column":21}}},"fnMap":{"0":{"name":"(anonymous_0)","decl":{"start":{"line":2,"column":22},"end":{"line":2,"column":33}},"loc":{"start":{"line":2,"column":36},"end":{"line":2,"column":71}}},"1":{"name":"(anonymous_1)","decl":{"start":{"line":16,"column":4},"end":{"line":16,"column":23}},"loc":{"start":{"line":22,"column":33},"end":{"line":22,"column":37}}},"2":{"name":"(anonymous_2)","decl":{"start":{"line":24,"column":11},"end":{"line":24,"column":27}},"loc":{"start":{"line":24,"column":53},"end":{"line":40,"column":5}}},"3":{"name":"(anonymous_3)","decl":{"start":{"line":42,"column":11},"end":{"line":42,"column":25}},"loc":{"start":{"line":42,"column":25},"end":{"line":64,"column":5}}},"4":{"name":"(anonymous_4)","decl":{"start":{"line":49,"column":31},"end":{"line":49,"column":38}},"loc":{"start":{"line":49,"column":41},"end":{"line":53,"column":9}}}},"branchMap":{"0":{"loc":{"start":{"line":18,"column":15},"end":{"line":18,"column":48}},"type":"default-arg","locations":[{"start":{"line":18,"column":33},"end":{"line":18,"column":48}}]},"1":{"loc":{"start":{"line":19,"column":15},"end":{"line":19,"column":46}},"type":"default-arg","locations":[{"start":{"line":19,"column":44},"end":{"line":19,"column":46}}]},"2":{"loc":{"start":{"line":20,"column":15},"end":{"line":20,"column":31}},"type":"default-arg","locations":[{"start":{"line":20,"column":30},"end":{"line":20,"column":31}}]},"3":{"loc":{"start":{"line":21,"column":15},"end":{"line":21,"column":34}},"type":"default-arg","locations":[{"start":{"line":21,"column":33},"end":{"line":21,"column":34}}]},"4":{"loc":{"start":{"line":22,"column":15},"end":{"line":22,"column":33}},"type":"default-arg","locations":[{"start":{"line":22,"column":32},"end":{"line":22,"column":33}}]},"5":{"loc":{"start":{"line":26,"column":8},"end":{"line":34,"column":null}},"type":"if","locations":[{"start":{"line":26,"column":8},"end":{"line":34,"column":null}}]},"6":{"loc":{"start":{"line":28,"column":16},"end":{"line":32,"column":null}},"type":"if","locations":[{"start":{"line":28,"column":16},"end":{"line":32,"column":null}}]},"7":{"loc":{"start":{"line":35,"column":8},"end":{"line":38,"column":null}},"type":"if","locations":[{"start":{"line":35,"column":8},"end":{"line":38,"column":null}}]},"8":{"loc":{"start":{"line":37,"column":12},"end":{"line":37,"column":42}},"type":"cond-expr","locations":[{"start":{"line":37,"column":26},"end":{"line":37,"column":28}},{"start":{"line":37,"column":26},"end":{"line":37,"column":42}}]},"9":{"loc":{"start":{"line":37,"column":12},"end":{"line":37,"column":28}},"type":"binary-expr","locations":[{"start":{"line":37,"column":12},"end":{"line":37,"column":28}},{"start":{"line":37,"column":26},"end":{"line":37,"column":28}}]}},"s":{"0":1,"1":1,"2":10,"3":1,"4":4,"5":4,"6":4,"7":4,"8":4,"9":4,"10":4,"11":11,"12":11,"13":7,"14":7,"15":11,"16":3,"17":3,"18":3,"19":11,"20":8,"21":8,"22":11,"23":2,"24":2,"25":2,"26":2,"27":2,"28":2,"29":2,"30":5,"31":5,"32":5,"33":2,"34":2,"35":2,"36":2,"37":2,"38":2,"39":2,"40":2,"41":2,"42":2,"43":1,"44":1,"45":1,"46":1,"47":1,"48":1,"49":1,"50":1,"51":1,"52":1,"53":1},"f":{"0":10,"1":4,"2":11,"3":2,"4":5},"b":{"0":[2],"1":[4],"2":[4],"3":[4],"4":[4],"5":[7],"6":[3],"7":[8],"8":[0,8],"9":[8,8]}}
}
