TN:
SF:dist\index.js
FN:5,(anonymous_0)
FN:9,(anonymous_1)
FN:18,(anonymous_2)
FN:36,(anonymous_3)
FN:43,(anonymous_4)
FNF:5
FNH:5
FNDA:11,(anonymous_0)
FNDA:4,(anonymous_1)
FNDA:11,(anonymous_2)
FNDA:2,(anonymous_3)
FNDA:5,(anonymous_4)
DA:2,1
DA:3,1
DA:4,1
DA:5,11
DA:6,1
DA:7,1
DA:10,4
DA:11,4
DA:12,4
DA:13,4
DA:14,4
DA:15,4
DA:16,4
DA:20,11
DA:21,11
DA:22,7
DA:23,11
DA:24,3
DA:25,3
DA:26,3
DA:30,11
DA:31,8
DA:32,8
DA:34,11
DA:37,2
DA:38,2
DA:39,2
DA:40,2
DA:41,2
DA:42,2
DA:43,2
DA:44,5
DA:45,5
DA:46,5
DA:48,2
DA:49,2
DA:50,2
DA:51,2
DA:52,2
DA:53,2
DA:54,2
DA:55,2
DA:56,2
DA:57,2
DA:60,1
DA:61,1
DA:62,1
DA:69,1
DA:76,1
DA:83,1
DA:90,1
DA:91,1
DA:92,1
DA:93,1
DA:94,1
LF:55
LH:55
BRDA:9,0,0,2
BRDA:9,1,0,4
BRDA:9,2,0,4
BRDA:9,3,0,4
BRDA:9,4,0,4
BRDA:21,5,0,7
BRDA:21,5,1,4
BRDA:23,6,0,3
BRDA:23,6,1,8
BRDA:30,7,0,8
BRDA:30,7,1,3
BRDA:32,8,0,0
BRDA:32,8,1,8
BRDA:32,9,0,8
BRDA:32,9,1,8
BRF:15
BRH:14
end_of_record
TN:
SF:src\index.ts
FN:2,(anonymous_0)
FN:16,(anonymous_1)
FN:24,(anonymous_2)
FN:42,(anonymous_3)
FN:49,(anonymous_4)
FNF:5
FNH:5
FNDA:10,(anonymous_0)
FNDA:4,(anonymous_1)
FNDA:11,(anonymous_2)
FNDA:2,(anonymous_3)
FNDA:5,(anonymous_4)
DA:1,1
DA:2,10
DA:15,1
DA:16,4
DA:17,4
DA:18,4
DA:19,4
DA:20,4
DA:21,4
DA:22,4
DA:25,11
DA:26,11
DA:27,7
DA:28,11
DA:29,3
DA:30,3
DA:31,3
DA:35,11
DA:36,8
DA:37,8
DA:39,11
DA:43,2
DA:44,2
DA:45,2
DA:46,2
DA:47,2
DA:48,2
DA:49,2
DA:50,5
DA:51,5
DA:52,5
DA:54,2
DA:55,2
DA:56,2
DA:57,2
DA:58,2
DA:59,2
DA:60,2
DA:61,2
DA:62,2
DA:63,2
DA:68,1
DA:69,1
DA:76,1
DA:83,1
DA:90,1
DA:97,1
DA:98,1
DA:99,1
DA:100,1
DA:101,1
LF:51
LH:51
BRDA:18,0,0,2
BRDA:19,1,0,4
BRDA:20,2,0,4
BRDA:21,3,0,4
BRDA:22,4,0,4
BRDA:26,5,0,7
BRDA:28,6,0,3
BRDA:35,7,0,8
BRDA:37,8,0,0
BRDA:37,8,1,8
BRDA:37,9,0,8
BRDA:37,9,1,8
BRF:12
BRH:11
end_of_record
